<?xml version="1.0" encoding="UTF-8"?>
<testng-results skipped="0" failed="0" total="1" passed="1">
  <reporter-output>
  </reporter-output>
  <suite name="Default suite" duration-ms="223141" started-at="2016-06-24T07:54:08Z" finished-at="2016-06-24T07:57:51Z">
    <groups>
    </groups>
    <test name="Default test" duration-ms="223141" started-at="2016-06-24T07:54:08Z" finished-at="2016-06-24T07:57:51Z">
      <class name="TestCases.Magento.Signup">
        <test-method status="PASS" signature="ExecutionStatusCheck()[pri:0, instance:TestCases.Magento.Signup@6500df86]" name="ExecutionStatusCheck" is-config="true" duration-ms="3316" started-at="2016-06-24T13:24:08Z" finished-at="2016-06-24T13:24:11Z">
          <reporter-output>
          </reporter-output>
        </test-method> <!-- ExecutionStatusCheck -->
        <test-method status="PASS" signature="testSignup()[pri:0, instance:TestCases.Magento.Signup@6500df86]" name="testSignup" duration-ms="219796" started-at="2016-06-24T13:24:11Z" finished-at="2016-06-24T13:27:51Z">
          <reporter-output>
          </reporter-output>
        </test-method> <!-- testSignup -->
      </class> <!-- TestCases.Magento.Signup -->
    </test> <!-- Default test -->
  </suite> <!-- Default suite -->
</testng-results>
