<?xml version="1.0" encoding="UTF-8"?>
<testng-results skipped="0" failed="0" total="1" passed="1">
  <reporter-output>
  </reporter-output>
  <suite name="Default suite" duration-ms="214038" started-at="2016-06-29T06:09:57Z" finished-at="2016-06-29T06:13:31Z">
    <groups>
    </groups>
    <test name="Default test" duration-ms="214038" started-at="2016-06-29T06:09:57Z" finished-at="2016-06-29T06:13:31Z">
      <class name="TestCases.Magento.Signup">
        <test-method status="PASS" signature="ExecutionStatusCheck()[pri:0, instance:TestCases.Magento.Signup@6500df86]" name="ExecutionStatusCheck" is-config="true" duration-ms="11094" started-at="2016-06-29T11:39:57Z" finished-at="2016-06-29T11:40:08Z">
          <reporter-output>
          </reporter-output>
        </test-method> <!-- ExecutionStatusCheck -->
        <test-method status="PASS" signature="testSignup()[pri:0, instance:TestCases.Magento.Signup@6500df86]" name="testSignup" duration-ms="202896" started-at="2016-06-29T11:40:08Z" finished-at="2016-06-29T11:43:31Z">
          <reporter-output>
          </reporter-output>
        </test-method> <!-- testSignup -->
      </class> <!-- TestCases.Magento.Signup -->
    </test> <!-- Default test -->
  </suite> <!-- Default suite -->
</testng-results>
