<?xml version="1.0" encoding="UTF-8"?>
<testng-results skipped="1" failed="0" total="1" passed="0">
  <reporter-output>
  </reporter-output>
  <suite name="Default suite" duration-ms="48736" started-at="2016-06-29T05:48:08Z" finished-at="2016-06-29T05:48:57Z">
    <groups>
    </groups>
    <test name="Default test" duration-ms="48736" started-at="2016-06-29T05:48:08Z" finished-at="2016-06-29T05:48:57Z">
      <class name="TestCases.Magento.Signup">
        <test-method status="FAIL" signature="ExecutionStatusCheck()[pri:0, instance:TestCases.Magento.Signup@6500df86]" name="ExecutionStatusCheck" is-config="true" duration-ms="0" started-at="2016-06-29T11:18:08Z" finished-at="2016-06-29T11:18:08Z">
          <exception class="org.openqa.selenium.WebDriverException">
            <message>
              <![CDATA[Failed to connect to binary FirefoxBinary(C:\Program Files (x86)\Mozilla Firefox\firefox.exe) on port 7055; process output follows: 
ctive":true,"userDisabled":false,"appDisabled":false,"descriptor":"C:\\Program Files (x86)\\Mozilla Firefox\\browser\\extensions\\{972ce4c6-7e08-4474-a285-3208198ce6fd}.xpi","installDate":1467176536625,"updateDate":1467176536625,"applyBackgroundUpdates":1,"skinnable":true,"size":22012,"sourceURI":null,"releaseNotesURI":null,"softDisabled":false,"foreignInstall":false,"hasBinaryComponents":false,"strictCompatibility":true,"locales":[],"targetApplications":[{"id":"{ec8030f7-c20a-464f-9b0e-13a3a9e97384}","minVersion":"47.0.1","maxVersion":"47.0.1"}],"targetPlatforms":[],"seen":true}
1467179292098	addons.xpi	DEBUG	getModTime: Recursive scan of {972ce4c6-7e08-4474-a285-3208198ce6fd}
1467179292100	DeferredSave.extensions.json	DEBUG	Save changes
1467179292101	addons.xpi	DEBUG	Updating database with changes to installed add-ons
1467179292101	addons.xpi-utils	DEBUG	Updating add-on states
1467179292103	addons.xpi-utils	DEBUG	Writing add-ons list
1467179292108	addons.xpi	DEBUG	Registering manifest for C:\Program Files (x86)\Mozilla Firefox\browser\features\e10srollout@mozilla.org.xpi
1467179292110	addons.xpi	DEBUG	Calling bootstrap method startup on e10srollout@mozilla.org version 1.0
1467179292111	addons.xpi	DEBUG	Registering manifest for C:\Program Files (x86)\Mozilla Firefox\browser\features\firefox@getpocket.com.xpi
1467179292112	addons.xpi	DEBUG	Calling bootstrap method startup on firefox@getpocket.com version 1.0.2
1467179292113	addons.xpi	DEBUG	Registering manifest for C:\Program Files (x86)\Mozilla Firefox\browser\features\loop@mozilla.org.xpi
1467179292114	addons.xpi	DEBUG	Calling bootstrap method startup on loop@mozilla.org version 1.3.2
1467179292149	addons.manager	DEBUG	Registering shutdown blocker for XPIProvider
1467179292150	addons.manager	DEBUG	Provider finished startup: XPIProvider
1467179292150	addons.manager	DEBUG	Starting provider: LightweightThemeManager
1467179292150	addons.manager	DEBUG	Registering shutdown blocker for LightweightThemeManager
1467179292150	addons.manager	DEBUG	Provider finished startup: LightweightThemeManager
1467179292151	addons.manager	DEBUG	Starting provider: GMPProvider
1467179292163	addons.manager	DEBUG	Registering shutdown blocker for GMPProvider
1467179292164	addons.manager	DEBUG	Provider finished startup: GMPProvider
1467179292164	addons.manager	DEBUG	Starting provider: PluginProvider
1467179292164	addons.manager	DEBUG	Registering shutdown blocker for PluginProvider
1467179292165	addons.manager	DEBUG	Provider finished startup: PluginProvider
1467179292166	addons.manager	DEBUG	Completed startup sequence
1467179294407	addons.manager	DEBUG	Starting provider: <unnamed-provider>
1467179294407	addons.manager	DEBUG	Registering shutdown blocker for <unnamed-provider>
1467179294408	addons.manager	DEBUG	Provider finished startup: <unnamed-provider>
1467179294926	DeferredSave.extensions.json	DEBUG	Write succeeded
1467179294927	addons.xpi-utils	DEBUG	XPI Database saved, setting schema version preference to 17
1467179294927	DeferredSave.extensions.json	DEBUG	Starting timer
1467179294954	DeferredSave.extensions.json	DEBUG	Starting write
1467179294990	addons.repository	DEBUG	No addons.json found.
1467179294992	DeferredSave.addons.json	DEBUG	Save changes
1467179294998	DeferredSave.addons.json	DEBUG	Starting timer
1467179295037	addons.manager	DEBUG	Starting provider: PreviousExperimentProvider
1467179295037	addons.manager	DEBUG	Registering shutdown blocker for PreviousExperimentProvider
1467179295037	addons.manager	DEBUG	Provider finished startup: PreviousExperimentProvider
1467179295049	DeferredSave.addons.json	DEBUG	Starting write
1467179295062	DeferredSave.extensions.json	DEBUG	Write succeeded
1467179295129	DeferredSave.addons.json	DEBUG	Write succeeded
1467179325892	addons.xpi	DEBUG	Calling bootstrap method shutdown on e10srollout@mozilla.org version 1.0
1467179325894	addons.xpi	DEBUG	Calling bootstrap method shutdown on firefox@getpocket.com version 1.0.2
1467179325895	addons.xpi	DEBUG	Calling bootstrap method shutdown on loop@mozilla.org version 1.3.2

Build info: version: '2.53.0', revision: '35ae25b', time: '2016-03-15 16:57:40'
System info: host: 'DS-PC', ip: '192.168.0.2', os.name: 'Windows 10', os.arch: 'amd64', os.version: '10.0', java.version: '1.8.0_91'
Driver info: driver.version: FirefoxDriver]]>
            </message>
            <full-stacktrace>
              <![CDATA[org.openqa.selenium.WebDriverException: Failed to connect to binary FirefoxBinary(C:\Program Files (x86)\Mozilla Firefox\firefox.exe) on port 7055; process output follows: 
ctive":true,"userDisabled":false,"appDisabled":false,"descriptor":"C:\\Program Files (x86)\\Mozilla Firefox\\browser\\extensions\\{972ce4c6-7e08-4474-a285-3208198ce6fd}.xpi","installDate":1467176536625,"updateDate":1467176536625,"applyBackgroundUpdates":1,"skinnable":true,"size":22012,"sourceURI":null,"releaseNotesURI":null,"softDisabled":false,"foreignInstall":false,"hasBinaryComponents":false,"strictCompatibility":true,"locales":[],"targetApplications":[{"id":"{ec8030f7-c20a-464f-9b0e-13a3a9e97384}","minVersion":"47.0.1","maxVersion":"47.0.1"}],"targetPlatforms":[],"seen":true}
1467179292098	addons.xpi	DEBUG	getModTime: Recursive scan of {972ce4c6-7e08-4474-a285-3208198ce6fd}
1467179292100	DeferredSave.extensions.json	DEBUG	Save changes
1467179292101	addons.xpi	DEBUG	Updating database with changes to installed add-ons
1467179292101	addons.xpi-utils	DEBUG	Updating add-on states
1467179292103	addons.xpi-utils	DEBUG	Writing add-ons list
1467179292108	addons.xpi	DEBUG	Registering manifest for C:\Program Files (x86)\Mozilla Firefox\browser\features\e10srollout@mozilla.org.xpi
1467179292110	addons.xpi	DEBUG	Calling bootstrap method startup on e10srollout@mozilla.org version 1.0
1467179292111	addons.xpi	DEBUG	Registering manifest for C:\Program Files (x86)\Mozilla Firefox\browser\features\firefox@getpocket.com.xpi
1467179292112	addons.xpi	DEBUG	Calling bootstrap method startup on firefox@getpocket.com version 1.0.2
1467179292113	addons.xpi	DEBUG	Registering manifest for C:\Program Files (x86)\Mozilla Firefox\browser\features\loop@mozilla.org.xpi
1467179292114	addons.xpi	DEBUG	Calling bootstrap method startup on loop@mozilla.org version 1.3.2
1467179292149	addons.manager	DEBUG	Registering shutdown blocker for XPIProvider
1467179292150	addons.manager	DEBUG	Provider finished startup: XPIProvider
1467179292150	addons.manager	DEBUG	Starting provider: LightweightThemeManager
1467179292150	addons.manager	DEBUG	Registering shutdown blocker for LightweightThemeManager
1467179292150	addons.manager	DEBUG	Provider finished startup: LightweightThemeManager
1467179292151	addons.manager	DEBUG	Starting provider: GMPProvider
1467179292163	addons.manager	DEBUG	Registering shutdown blocker for GMPProvider
1467179292164	addons.manager	DEBUG	Provider finished startup: GMPProvider
1467179292164	addons.manager	DEBUG	Starting provider: PluginProvider
1467179292164	addons.manager	DEBUG	Registering shutdown blocker for PluginProvider
1467179292165	addons.manager	DEBUG	Provider finished startup: PluginProvider
1467179292166	addons.manager	DEBUG	Completed startup sequence
1467179294407	addons.manager	DEBUG	Starting provider: <unnamed-provider>
1467179294407	addons.manager	DEBUG	Registering shutdown blocker for <unnamed-provider>
1467179294408	addons.manager	DEBUG	Provider finished startup: <unnamed-provider>
1467179294926	DeferredSave.extensions.json	DEBUG	Write succeeded
1467179294927	addons.xpi-utils	DEBUG	XPI Database saved, setting schema version preference to 17
1467179294927	DeferredSave.extensions.json	DEBUG	Starting timer
1467179294954	DeferredSave.extensions.json	DEBUG	Starting write
1467179294990	addons.repository	DEBUG	No addons.json found.
1467179294992	DeferredSave.addons.json	DEBUG	Save changes
1467179294998	DeferredSave.addons.json	DEBUG	Starting timer
1467179295037	addons.manager	DEBUG	Starting provider: PreviousExperimentProvider
1467179295037	addons.manager	DEBUG	Registering shutdown blocker for PreviousExperimentProvider
1467179295037	addons.manager	DEBUG	Provider finished startup: PreviousExperimentProvider
1467179295049	DeferredSave.addons.json	DEBUG	Starting write
1467179295062	DeferredSave.extensions.json	DEBUG	Write succeeded
1467179295129	DeferredSave.addons.json	DEBUG	Write succeeded
1467179325892	addons.xpi	DEBUG	Calling bootstrap method shutdown on e10srollout@mozilla.org version 1.0
1467179325894	addons.xpi	DEBUG	Calling bootstrap method shutdown on firefox@getpocket.com version 1.0.2
1467179325895	addons.xpi	DEBUG	Calling bootstrap method shutdown on loop@mozilla.org version 1.3.2

Build info: version: '2.53.0', revision: '35ae25b', time: '2016-03-15 16:57:40'
System info: host: 'DS-PC', ip: '192.168.0.2', os.name: 'Windows 10', os.arch: 'amd64', os.version: '10.0', java.version: '1.8.0_91'
Driver info: driver.version: FirefoxDriver
	at org.openqa.selenium.firefox.internal.NewProfileExtensionConnection.start(NewProfileExtensionConnection.java:124)
	at org.openqa.selenium.firefox.FirefoxDriver.startClient(FirefoxDriver.java:271)
	at org.openqa.selenium.remote.RemoteWebDriver.<init>(RemoteWebDriver.java:119)
	at org.openqa.selenium.firefox.FirefoxDriver.<init>(FirefoxDriver.java:218)
	at org.openqa.selenium.firefox.FirefoxDriver.<init>(FirefoxDriver.java:211)
	at org.openqa.selenium.firefox.FirefoxDriver.<init>(FirefoxDriver.java:129)
	at Operation.Launchbrowser.launchBrowser(Launchbrowser.java:48)
	at TestCases.Magento.Signup.ExecutionStatusCheck(Signup.java:34)
	at sun.reflect.NativeMethodAccessorImpl.invoke0(Native Method)
	at sun.reflect.NativeMethodAccessorImpl.invoke(Unknown Source)
	at sun.reflect.DelegatingMethodAccessorImpl.invoke(Unknown Source)
	at java.lang.reflect.Method.invoke(Unknown Source)
	at org.testng.internal.MethodInvocationHelper.invokeMethod(MethodInvocationHelper.java:85)
	at org.testng.internal.Invoker.invokeConfigurationMethod(Invoker.java:510)
	at org.testng.internal.Invoker.invokeConfigurations(Invoker.java:211)
	at org.testng.internal.Invoker.invokeConfigurations(Invoker.java:138)
	at org.testng.internal.TestMethodWorker.invokeBeforeClassMethods(TestMethodWorker.java:170)
	at org.testng.internal.TestMethodWorker.run(TestMethodWorker.java:104)
	at org.testng.TestRunner.privateRun(TestRunner.java:774)
	at org.testng.TestRunner.run(TestRunner.java:624)
	at org.testng.SuiteRunner.runTest(SuiteRunner.java:359)
	at org.testng.SuiteRunner.runSequentially(SuiteRunner.java:354)
	at org.testng.SuiteRunner.privateRun(SuiteRunner.java:312)
	at org.testng.SuiteRunner.run(SuiteRunner.java:261)
	at org.testng.SuiteRunnerWorker.runSuite(SuiteRunnerWorker.java:52)
	at org.testng.SuiteRunnerWorker.run(SuiteRunnerWorker.java:86)
	at org.testng.TestNG.runSuitesSequentially(TestNG.java:1215)
	at org.testng.TestNG.runSuitesLocally(TestNG.java:1140)
	at org.testng.TestNG.run(TestNG.java:1048)
	at org.testng.remote.AbstractRemoteTestNG.run(AbstractRemoteTestNG.java:126)
	at org.testng.remote.RemoteTestNG.initAndRun(RemoteTestNG.java:137)
	at org.testng.remote.RemoteTestNG.main(RemoteTestNG.java:58)
Caused by: org.openqa.selenium.firefox.NotConnectedException: Unable to connect to host 127.0.0.1 on port 7055 after 45000 ms. Firefox console output:
ctive":true,"userDisabled":false,"appDisabled":false,"descriptor":"C:\\Program Files (x86)\\Mozilla Firefox\\browser\\extensions\\{972ce4c6-7e08-4474-a285-3208198ce6fd}.xpi","installDate":1467176536625,"updateDate":1467176536625,"applyBackgroundUpdates":1,"skinnable":true,"size":22012,"sourceURI":null,"releaseNotesURI":null,"softDisabled":false,"foreignInstall":false,"hasBinaryComponents":false,"strictCompatibility":true,"locales":[],"targetApplications":[{"id":"{ec8030f7-c20a-464f-9b0e-13a3a9e97384}","minVersion":"47.0.1","maxVersion":"47.0.1"}],"targetPlatforms":[],"seen":true}
1467179292098	addons.xpi	DEBUG	getModTime: Recursive scan of {972ce4c6-7e08-4474-a285-3208198ce6fd}
1467179292100	DeferredSave.extensions.json	DEBUG	Save changes
1467179292101	addons.xpi	DEBUG	Updating database with changes to installed add-ons
1467179292101	addons.xpi-utils	DEBUG	Updating add-on states
1467179292103	addons.xpi-utils	DEBUG	Writing add-ons list
1467179292108	addons.xpi	DEBUG	Registering manifest for C:\Program Files (x86)\Mozilla Firefox\browser\features\e10srollout@mozilla.org.xpi
1467179292110	addons.xpi	DEBUG	Calling bootstrap method startup on e10srollout@mozilla.org version 1.0
1467179292111	addons.xpi	DEBUG	Registering manifest for C:\Program Files (x86)\Mozilla Firefox\browser\features\firefox@getpocket.com.xpi
1467179292112	addons.xpi	DEBUG	Calling bootstrap method startup on firefox@getpocket.com version 1.0.2
1467179292113	addons.xpi	DEBUG	Registering manifest for C:\Program Files (x86)\Mozilla Firefox\browser\features\loop@mozilla.org.xpi
1467179292114	addons.xpi	DEBUG	Calling bootstrap method startup on loop@mozilla.org version 1.3.2
1467179292149	addons.manager	DEBUG	Registering shutdown blocker for XPIProvider
1467179292150	addons.manager	DEBUG	Provider finished startup: XPIProvider
1467179292150	addons.manager	DEBUG	Starting provider: LightweightThemeManager
1467179292150	addons.manager	DEBUG	Registering shutdown blocker for LightweightThemeManager
1467179292150	addons.manager	DEBUG	Provider finished startup: LightweightThemeManager
1467179292151	addons.manager	DEBUG	Starting provider: GMPProvider
1467179292163	addons.manager	DEBUG	Registering shutdown blocker for GMPProvider
1467179292164	addons.manager	DEBUG	Provider finished startup: GMPProvider
1467179292164	addons.manager	DEBUG	Starting provider: PluginProvider
1467179292164	addons.manager	DEBUG	Registering shutdown blocker for PluginProvider
1467179292165	addons.manager	DEBUG	Provider finished startup: PluginProvider
1467179292166	addons.manager	DEBUG	Completed startup sequence
1467179294407	addons.manager	DEBUG	Starting provider: <unnamed-provider>
1467179294407	addons.manager	DEBUG	Registering shutdown blocker for <unnamed-provider>
1467179294408	addons.manager	DEBUG	Provider finished startup: <unnamed-provider>
1467179294926	DeferredSave.extensions.json	DEBUG	Write succeeded
1467179294927	addons.xpi-utils	DEBUG	XPI Database saved, setting schema version preference to 17
1467179294927	DeferredSave.extensions.json	DEBUG	Starting timer
1467179294954	DeferredSave.extensions.json	DEBUG	Starting write
1467179294990	addons.repository	DEBUG	No addons.json found.
1467179294992	DeferredSave.addons.json	DEBUG	Save changes
1467179294998	DeferredSave.addons.json	DEBUG	Starting timer
1467179295037	addons.manager	DEBUG	Starting provider: PreviousExperimentProvider
1467179295037	addons.manager	DEBUG	Registering shutdown blocker for PreviousExperimentProvider
1467179295037	addons.manager	DEBUG	Provider finished startup: PreviousExperimentProvider
1467179295049	DeferredSave.addons.json	DEBUG	Starting write
1467179295062	DeferredSave.extensions.json	DEBUG	Write succeeded
1467179295129	DeferredSave.addons.json	DEBUG	Write succeeded
1467179325892	addons.xpi	DEBUG	Calling bootstrap method shutdown on e10srollout@mozilla.org version 1.0
1467179325894	addons.xpi	DEBUG	Calling bootstrap method shutdown on firefox@getpocket.com version 1.0.2
1467179325895	addons.xpi	DEBUG	Calling bootstrap method shutdown on loop@mozilla.org version 1.3.2

	at org.openqa.selenium.firefox.internal.NewProfileExtensionConnection.start(NewProfileExtensionConnection.java:112)
	... 31 more
]]>
            </full-stacktrace>
          </exception> <!-- org.openqa.selenium.WebDriverException -->
          <reporter-output>
          </reporter-output>
        </test-method> <!-- ExecutionStatusCheck -->
        <test-method status="SKIP" signature="testSignup()[pri:0, instance:TestCases.Magento.Signup@6500df86]" name="testSignup" duration-ms="7" started-at="2016-06-29T11:18:57Z" finished-at="2016-06-29T11:18:57Z">
          <reporter-output>
          </reporter-output>
        </test-method> <!-- testSignup -->
      </class> <!-- TestCases.Magento.Signup -->
    </test> <!-- Default test -->
  </suite> <!-- Default suite -->
</testng-results>
